[+] Building 2546.1s (81/81) FINISHED                                                                                                                                                                                                          
 => [internal] load .dockerignore                                                                                                                                                                                                         0.1s
 => => transferring context: 2B                                                                                                                                                                                                           0.0s
 => [internal] load build definition from Dockerfile                                                                                                                                                                                      0.1s
 => => transferring dockerfile: 10.65kB                                                                                                                                                                                                   0.0s
 => resolve image config for docker.io/docker/dockerfile:1.0-experimental                                                                                                                                                                 3.6s
 => docker-image://docker.io/docker/dockerfile:1.0-experimental@sha256:cbd6491240cc8894d25e366ba83da19df1187f975dc3a5c2f88ce888ca696174                                                                                                   4.8s
 => => resolve docker.io/docker/dockerfile:1.0-experimental@sha256:cbd6491240cc8894d25e366ba83da19df1187f975dc3a5c2f88ce888ca696174                                                                                                       0.0s
 => => sha256:45169296fe16c4be3e75f43e6276e8adc60ea9e0aad0910264f6e0681e9e55b2 7.65MB / 7.65MB                                                                                                                                            4.3s
 => => sha256:cbd6491240cc8894d25e366ba83da19df1187f975dc3a5c2f88ce888ca696174 2.03kB / 2.03kB                                                                                                                                            0.0s
 => => sha256:9f37bbf3e89214574a30356139381d312e2a8d80877a312d31a1446eb2bdfa4a 527B / 527B                                                                                                                                                0.0s
 => => sha256:70387ff0e5d2bb01c76837530c63b7a5e0c74fd054665da9e0611f176d456c21 811B / 811B                                                                                                                                                0.0s
 => => extracting sha256:45169296fe16c4be3e75f43e6276e8adc60ea9e0aad0910264f6e0681e9e55b2                                                                                                                                                 0.3s
 => [internal] load metadata for docker.io/library/ubuntu:19.04                                                                                                                                                                           1.4s
 => [internal] helper image for file operations                                                                                                                                                                                           1.6s
 => => resolve docker.io/docker/dockerfile-copy:v0.1.9@sha256:e8f159d3f00786604b93c675ee2783f8dc194bb565e61ca5788f6a6e9d304061                                                                                                            2.5s  => => sha256:f7b6696c3fee7264ec4486cebe146a6a98aa8d1e46747843107ff473aada8d56 861.00kB / 861.00kB                                                                                                                                        1.0s
 => => sha256:e8f159d3f00786604b93c675ee2783f8dc194bb565e61ca5788f6a6e9d304061 2.03kB / 2.03kB                                                                                                                                            0.0ss => => sha256:a546a4352bcaa6512f885d24fef3d9819e70551b98535ed1995e4b567ac6d05b 736B / 736B                                                                                                                                                0.0s
 => => sha256:494e63343c3f0d392e7af8d718979262baec9496a23e97ad110d62b9c90d6182 766B / 766B                                                                                                                                                0.0s  => => sha256:df3b4bed1f63b36992540a09e0d10bd3f9d0b082d50810313841d745d7cce368 898.21kB / 898.21kB                                                                                                                                        1.0s
 => => extracting sha256:df3b4bed1f63b36992540a09e0d10bd3f9d0b082d50810313841d745d7cce368                                                                                                                                                 0.2s  => => extracting sha256:f7b6696c3fee7264ec4486cebe146a6a98aa8d1e46747843107ff473aada8d56                                                                                                                                                 0.2s
 => [runtime 1/46] FROM docker.io/library/ubuntu:19.04@sha256:1f070d23781c4e0aa3841ae9d7494885283e199e61eddec8337cd1895f864d67                                                                                                           13.5sn => => resolve docker.io/library/ubuntu:19.04@sha256:1f070d23781c4e0aa3841ae9d7494885283e199e61eddec8337cd1895f864d67                                                                                                                     0.0s
 => => sha256:1f070d23781c4e0aa3841ae9d7494885283e199e61eddec8337cd1895f864d67 1.41kB / 1.41kB                                                                                                                                            0.0s  => => sha256:887a7c706e88e4569494c9f470a53217a2705c9ddb3f8f75dc9062ece9e0bd36 943B / 943B                                                                                                                                                0.0s
 => => sha256:9b17fc7d68486409b6adf12e02fbf19b509714e5e7e2993e38d05ef47a29bfcc 3.35kB / 3.35kB                                                                                                                                            0.0s  => => sha256:4417cd7c3ebb45585a393a0c01ef74414c31104c874b4252d7034cd416796faa 29.73MB / 29.73MB                                                                                                                                         11.6s
 => => sha256:df4b01c082df6617a4ec1bf6043f0e270e774c843f7e974e2243090b86d5f929 859B / 859B                                                                                                                                                1.5su => => sha256:08458b88081614d856d6db8cbe030d86b31ac276e3d439b280e633cb0a9c8d6b 162B / 162B                                                                                                                                                1.1s
 => => extracting sha256:4417cd7c3ebb45585a393a0c01ef74414c31104c874b4252d7034cd416796faa                                                                                                                                                 1.3s  => => extracting sha256:df4b01c082df6617a4ec1bf6043f0e270e774c843f7e974e2243090b86d5f929                                                                                                                                                 0.0s
 => => extracting sha256:08458b88081614d856d6db8cbe030d86b31ac276e3d439b280e633cb0a9c8d6b                                                                                                                                                 0.0s  => [runtime 2/46] RUN rm -f etc/apt/apt.conf.d/docker-clean;     echo 'Binary::apt::APT::Keep-Downloaded-Packages "true";' > /etc/apt/apt.conf.d/keep-cache                                                                              1.0s
 => [dotnet-builder 2/5] RUN apt update -qq                                                                                                                                                                                              13.4s  => [go-builder 2/5] RUN apt update -qq                                                                                                                                                                                                  26.1s
 => [runtime 3/46] RUN --mount=type=cache,target=/var/cache/apt     --mount=type=cache,target=/var/lib/apt     apt update -qq && apt install -y -qq curl git unzip                                                                       53.2so => [dotnet-builder 3/5] RUN apt install -y -qq curl git mono-mcs                                                                                                                                                                       140.1s
 => [general-builder 3/12] RUN apt install -y -qq curl git build-essential                                                                                                                                                              164.7so => [ruby-builder 3/6] RUN apt install -y -qq curl git build-essential ruby-dev                                                                                                                                                         215.4s
 => [go-builder 3/5] RUN apt install -y -qq curl git build-essential libmecab-dev                                                                                                                                                       149.7so => [nodejs-builder 3/4] RUN apt install -y -qq nodejs npm                                                                                                                                                                              297.5s
 => [python-builder 3/6] RUN apt install -y -qq python-dev python-pip python-mecab python3-dev python3-pip                                                                                                                              316.2su => [runtime 4/46] RUN curl -sfSLO --retry 3 https://git.io/egison-3.7.14.x86_64.deb     && dpkg -i ./egison-3.7.14.x86_64.deb     && rm ./egison-3.7.14.x86_64.deb                                                                     104.2s
 => [dotnet-builder 4/5] RUN git clone --depth 1 https://github.com/xztaityozx/noc.git                                                                                                                                                    5.1s
 => [dotnet-builder 5/5] RUN mcs noc/noc/noc/Program.cs                                                                                                                                                                                   1.6s
 => [runtime 5/46] RUN curl -sfSLO --retry 3 https://git.io/egzact-1.3.1.deb     && dpkg -i ./egzact-1.3.1.deb     && rm ./egzact-1.3.1.deb                                                                                               4.3s
 => [runtime 6/46] RUN curl -sfSL --retry 3 https://julialang-s3.julialang.org/bin/linux/x64/1.1/julia-1.1.0-linux-x86_64.tar.gz -o julia.tar.gz     && tar xf julia.tar.gz     && rm julia.tar.gz     && ln -s $(realpath $(ls | grep  154.8s
 => [go-builder 4/5] RUN curl -sfSL --retry 3 https://dl.google.com/go/go1.12.linux-amd64.tar.gz -o go.tar.gz     && tar xzf go.tar.gz -C /usr/local     && rm go.tar.gz                                                                107.2s
 => [general-builder 4/12] RUN curl -sfSLO https://ftp.gnu.org/gnu/gawk/gawk-5.0.0.tar.gz                                                                                                                                               107.4s
 => [ruby-builder 4/6] RUN --mount=type=cache,target=/root/.gem     gem install --quiet --no-ri --no-rdoc cureutils matsuya takarabako snacknomama rubipara marky_markov                                                                 20.9s
 => [ruby-builder 5/6] RUN curl -sfSL --retry 3 https://raw.githubusercontent.com/hostilefork/whitespacers/master/ruby/whitespace.rb -o /usr/local/bin/whitespace                                                                         1.3s
 => [ruby-builder 6/6] RUN chmod +x /usr/local/bin/whitespace                                                                                                                                                                             1.0s
 => [go-builder 5/5] RUN --mount=type=cache,target=/root/go/src     --mount=type=cache,target=/root/.cache/go-build     go get -u       github.com/YuheiNakasaka/sayhuuzoku       github.com/tomnomnom/gron       github.com/ericchian  987.8s
 => [general-builder 5/12] RUN tar xf gawk-5.0.0.tar.gz                                                                                                                                                                                   1.1s
 => [general-builder 6/12] RUN ./configure --program-suffix="-5.0.0"                                                                                                                                                                     23.0s
 => [runtime 7/46] RUN curl -sfSL --retry 3 http://www.jsoftware.com/download/j807/install/j807_linux64_nonavx.tar.gz -o j.tar.gz     && tar xvzf j.tar.gz     && rm j.tar.gz                                                            34.9s
 => [general-builder 7/12] RUN make                                                                                                                                                                                                      24.4s
 => [nodejs-builder 4/4] RUN --mount=type=cache,target=/root/.npm     npm install -g --silent faker-cli chemi                                                                                                                             4.9s
 => [python-builder 4/6] RUN --mount=type=cache,target=/root/.cache/pip     pip install --progress-bar=off sympy numpy scipy matplotlib pillow                                                                                           95.5s
 => [general-builder 8/12] RUN make install                                                                                                                                                                                               1.5s
 => [general-builder 9/12] RUN git clone --depth 1 https://github.com/usp-engineers-community/Open-usp-Tukubai.git                                                                                                                       16.3s
 => [runtime 8/46] RUN curl -sfSL --retry 3 https://download.oracle.com/java/GA/jdk11/9/GPL/openjdk-11.0.2_linux-x64_bin.tar.gz -o openjdk11.tar.gz     && tar xzf openjdk11.tar.gz     && rm openjdk11.tar.gz                          159.3s
 => [general-builder 10/12] RUN make install                                                                                                                                                                                              1.1s
 => [general-builder 11/12] RUN git clone https://github.com/jiro4989/edfsay                                                                                                                                                              3.2s
 => [general-builder 12/12] RUN ./install.sh                                                                                                                                                                                              1.0s
 => [python-builder 5/6] RUN --mount=type=cache,target=/root/.cache/pip     pip3 install --progress-bar=off yq faker sympy numpy scipy matplotlib xonsh pillow asciinema                                                                 87.9s
 => [runtime 9/46] RUN git clone --depth 1 https://github.com/fumiyas/home-commands.git     && cd home-commands     && git archive --format=tar --prefix=home-commands/ HEAD | (cd / && tar xf -)     && rm -rf /root/home-commands       4.2s
 => [runtime 10/46] RUN curl -sfSLO --retry 3 https://github.com/noborus/trdsql/releases/download/v0.5.0/trdsql_linux_amd64.zip     && unzip trdsql_linux_amd64.zip     && rm trdsql_linux_amd64.zip                                     78.8s
 => [python-builder 6/6] RUN --mount=type=cache,target=/root/.cache/pip     pip3 install --progress-bar=off "https://github.com/megagonlabs/ginza/releases/download/v1.0.1/ja_ginza_nopn-1.0.1.tgz"                                    1493.3s
 => [runtime 11/46] RUN curl -sfSLO --retry 3 https://git.io/superunko.deb     && dpkg -i superunko.deb     && rm superunko.deb                                                                                                           2.3s
 => [runtime 12/46] RUN curl -sfSLO https://gist.githubusercontent.com/KeenS/6194e6ef1a151c9ea82536d5850b8bc7/raw/85af9ec757308b8ca4effdf24221f642cb34703b/nameko.svg                                                                     1.2s
 => [runtime 13/46] RUN git clone --depth 1 https://github.com/ryuichiueda/ShellGeiData.git                                                                                                                                              16.2s
 => [runtime 14/46] RUN git clone --depth 1 https://github.com/ryuichiueda/ImageGeneratorForShBot.git                                                                                                                                     2.8s
 => [runtime 15/46] RUN curl -sfSLO https://raintrees.net/attachments/download/486/zws     && chmod +x zws                                                                                                                                1.1s
 => [runtime 16/46] RUN curl -sfSL https://pkg.osquery.io/deb/osquery_3.3.2_1.linux.amd64.deb -o osquery.deb     && dpkg -i osquery.deb     && rm osquery.deb                                                                             5.7s
 => [runtime 17/46] RUN curl -sfSLO https://github.com/o2sh/onefetch/releases/download/v1.5.2/onefetch_linux_x86-64.zip     && unzip onefetch_linux_x86-64.zip -d /usr/local/bin onefetch     && rm onefetch_linux_x86-64.zip            32.2s
 => [runtime 18/46] RUN curl -sfSL https://raw.githubusercontent.com/redpeacock78/sushiro/master/sushiro -o /usr/local/bin/sushiro     && chmod +x /usr/local/bin/sushiro                                                                 1.1s
 => [runtime 19/46] RUN curl -sfSLO https://github.com/sharkdp/bat/releases/download/v0.10.0/bat_0.10.0_amd64.deb     && dpkg -i bat_0.10.0_amd64.deb     && rm bat_0.10.0_amd64.deb                                                     15.8s
 => [runtime 20/46] RUN curl -sfSLO --retry 3 https://git.io/echo-meme.deb     && dpkg -i echo-meme.deb     && rm echo-meme.deb                                                                                                           2.4s
 => [runtime 21/46] RUN curl -sfSLO https://www.unicode.org/Public/UCD/latest/ucd/NormalizationTest.txt                                                                                                                                  49.1s
 => [runtime 22/46] RUN curl -sfSLO https://www.unicode.org/Public/UCD/latest/ucd/NamesList.txt                                                                                                                                          30.1s
 => [runtime 23/46] RUN git clone --depth 1 http://github.com/possatti/pokemonsay     && (cd pokemonsay; ./install.sh )     && rm -r pokemonsay                                                                                           4.0s
 => [runtime 24/46] RUN curl -sfSL --retry 3 https://raw.githubusercontent.com/horo17/saizeriya/master/saizeriya -o /usr/local/bin/saizeriya     && chmod u+x /usr/local/bin/saizeriya                                                    1.1s
 => [runtime 25/46] RUN --mount=type=cache,target=/var/cache/apt     --mount=type=cache,target=/var/lib/apt     apt update -qq && apt install -y -qq       ruby      ccze      screen tmux      ttyrec      timidity abcmidi      r-b  1455.1s
 => [runtime 26/46] RUN curl -sfSL https://sh.rustup.rs | sh -s -- -y                                                                                                                                                                    69.1s
 => [runtime 27/46] RUN cargo install --git https://github.com/lotabout/rargs.git                                                                                                                                                       106.1s
 => [runtime 28/46] COPY --from=go-builder /usr/local/go/LICENSE /usr/local/go/README.md /usr/local/go                                                                                                                                    0.7s
 => [runtime 29/46] COPY --from=go-builder /usr/local/go/bin/ /usr/local/go/bin/                                                                                                                                                          0.8s
 => [runtime 30/46] COPY --from=go-builder /root/go/bin /root/go/bin                                                                                                                                                                      1.1s
 => [runtime 31/46] COPY --from=go-builder /tmp/go /root/go                                                                                                                                                                               0.9s
 => [runtime 32/46] RUN ln -s /root/go/src/github.com/YuheiNakasaka/sayhuuzoku/db /                                                                                                                                                       0.6s
 => [runtime 33/46] COPY --from=ruby-builder /usr/local/bin /usr/local/bin                                                                                                                                                                0.8s
 => [runtime 34/46] COPY --from=ruby-builder /var/lib/gems /var/lib/gems                                                                                                                                                                  1.3s
 => [runtime 35/46] COPY --from=python-builder /usr/lib/python2.7/dist-packages /usr/lib/python2.7/dist-packages                                                                                                                          1.3s
 => [runtime 36/46] COPY --from=python-builder /usr/local/bin /usr/local/bin                                                                                                                                                              0.8s
 => [runtime 37/46] COPY --from=python-builder /usr/local/lib/python2.7 /usr/local/lib/python2.7                                                                                                                                          1.7s
 => [runtime 38/46] COPY --from=python-builder /usr/local/lib/python3.7 /usr/local/lib/python3.7                                                                                                                                          5.9s
 => [runtime 39/46] COPY --from=nodejs-builder /usr/local/bin /usr/local/bin                                                                                                                                                              0.8s
 => [runtime 40/46] COPY --from=nodejs-builder /usr/local/lib/node_modules /usr/local/lib/node_modules                                                                                                                                    1.1s
 => [runtime 41/46] COPY --from=dotnet-builder /noc/noc/noc/Program.exe /noc                                                                                                                                                              0.7s
 => [runtime 42/46] COPY --from=dotnet-builder /noc/LICENSE /usr/local/share/noc/LICENSE                                                                                                                                                  0.7s
 => [runtime 43/46] COPY --from=dotnet-builder /noc/README.md /usr/local/share/noc/README.md                                                                                                                                              0.7s
 => [runtime 44/46] COPY --from=general-builder /usr/local /usr/local                                                                                                                                                                     0.9s
 => [runtime 45/46] RUN nimble install rect -Y                                                                                                                                                                                           29.3s
 => [runtime 46/46] RUN mv /usr/bin/man.REAL /usr/bin/man                                                                                                                                                                                 0.8s
 => exporting to image                                                                                                                                                                                                                   80.0s
 => => exporting layers                                                                                                                                                                                                                  80.0s
 => => writing image sha256:a10d418adf99172d262a932b22dc6b5a8075487862d2f1be341b0f7d0ed5d15b                                                                                                                                              0.0s
 => => naming to docker.io/library/shellgei
